Sat Mar 26 21:33:05 CST 2011  [debug] AvalonLogChute initialized using file 'velocity.log'
Sat Mar 26 21:33:05 CST 2011  [debug] Velocity was not initialized! Calling init()...
Sat Mar 26 21:33:05 CST 2011  [trace] *******************************************************************
Sat Mar 26 21:33:05 CST 2011  [debug] Starting Apache Velocity v1.5 (compiled: 2007-02-22 08:52:29)
Sat Mar 26 21:33:05 CST 2011  [trace] RuntimeInstance initializing.
Sat Mar 26 21:33:05 CST 2011  [debug] Default Properties File: org\apache\velocity\runtime\defaults\velocity.properties
Sat Mar 26 21:33:05 CST 2011  [debug] Trying to use logger class org.apache.velocity.runtime.log.AvalonLogChute
Sat Mar 26 21:33:05 CST 2011  [debug] Using logger class org.apache.velocity.runtime.log.AvalonLogChute
Sat Mar 26 21:33:05 CST 2011  [debug] Default ResourceManager initializing. (class org.apache.velocity.runtime.resource.ResourceManagerImpl)
Sat Mar 26 21:33:05 CST 2011  [debug] ResourceLoader instantiated: org.apache.velocity.runtime.resource.loader.FileResourceLoader
Sat Mar 26 21:33:05 CST 2011  [trace] FileResourceLoader : initialization starting.
Sat Mar 26 21:33:05 CST 2011  [debug] Do unicode file recognition:  false
Sat Mar 26 21:33:05 CST 2011   [info] FileResourceLoader : adding path '.'
Sat Mar 26 21:33:05 CST 2011  [trace] FileResourceLoader : initialization complete.
Sat Mar 26 21:33:05 CST 2011  [debug] ResourceCache: initialized (class org.apache.velocity.runtime.resource.ResourceCacheImpl)
Sat Mar 26 21:33:05 CST 2011  [trace] Default ResourceManager initialization complete.
Sat Mar 26 21:33:05 CST 2011  [debug] Loaded System Directive: org.apache.velocity.runtime.directive.Literal
Sat Mar 26 21:33:05 CST 2011  [debug] Loaded System Directive: org.apache.velocity.runtime.directive.Macro
Sat Mar 26 21:33:05 CST 2011  [debug] Loaded System Directive: org.apache.velocity.runtime.directive.Parse
Sat Mar 26 21:33:05 CST 2011  [debug] Loaded System Directive: org.apache.velocity.runtime.directive.Include
Sat Mar 26 21:33:05 CST 2011  [debug] Loaded System Directive: org.apache.velocity.runtime.directive.Foreach
Sat Mar 26 21:33:05 CST 2011  [debug] Created '20' parsers.
Sat Mar 26 21:33:05 CST 2011  [trace] Velocimacro : initialization starting.
Sat Mar 26 21:33:05 CST 2011  [debug] Velocimacro : "velocimacro.library" is not set.  Trying default library: VM_global_library.vm
Sat Mar 26 21:33:05 CST 2011  [debug] Velocimacro : Default library not found.
Sat Mar 26 21:33:05 CST 2011  [debug] Velocimacro : allowInline = true : VMs can be defined inline in templates
Sat Mar 26 21:33:05 CST 2011  [debug] Velocimacro : allowInlineToOverride = false : VMs defined inline may NOT replace previous VM definitions
Sat Mar 26 21:33:05 CST 2011  [debug] Velocimacro : allowInlineLocal = false : VMs defined inline will be global in scope if allowed.
Sat Mar 26 21:33:05 CST 2011  [debug] Velocimacro : autoload off : VM system will not automatically reload global library macros
Sat Mar 26 21:33:05 CST 2011  [trace] Velocimacro : Velocimacro : initialization complete.
Sat Mar 26 21:33:05 CST 2011  [trace] RuntimeInstance successfully initialized.
