2011-03-24 13:04:54,005 - Log4JLogChute initialized using file 'velocity.log'
2011-03-24 13:04:54,006 - Velocity was not initialized! Calling init()...
2011-03-24 13:04:54,006 - Starting Apache Velocity v1.5 (compiled: 2007-02-22 08:52:29)
2011-03-24 13:04:54,006 - Default Properties File: org\apache\velocity\runtime\defaults\velocity.properties
2011-03-24 13:04:54,006 - Trying to use logger class org.apache.velocity.runtime.log.AvalonLogChute
2011-03-24 13:04:54,030 - Couldn't find class org.apache.velocity.runtime.log.AvalonLogChute or necessary supporting classes in classpath.
java.lang.NoClassDefFoundError: org/apache/log/format/Formatter
	at java.lang.Class.forName0(Native Method)
	at java.lang.Class.forName(Unknown Source)
	at org.apache.velocity.util.ClassUtils.getClass(ClassUtils.java:63)
	at org.apache.velocity.util.ClassUtils.getNewInstance(ClassUtils.java:95)
	at org.apache.velocity.runtime.log.LogManager.createLogChute(LogManager.java:147)
	at org.apache.velocity.runtime.log.LogManager.updateLog(LogManager.java:208)
	at org.apache.velocity.runtime.RuntimeInstance.initializeLog(RuntimeInstance.java:728)
	at org.apache.velocity.runtime.RuntimeInstance.init(RuntimeInstance.java:240)
	at org.apache.velocity.runtime.RuntimeInstance.parse(RuntimeInstance.java:993)
	at org.apache.velocity.runtime.RuntimeInstance.parse(RuntimeInstance.java:972)
	at org.apache.velocity.runtime.RuntimeSingleton.parse(RuntimeSingleton.java:265)
	at org.apache.velocity.app.Velocity.evaluate(Velocity.java:274)
	at org.sonatype.mavenbook.weather.WeatherFormatter.format(WeatherFormatter.java:21)
	at org.sonatype.mavenbook.weather.Main.start(Main.java:38)
	at org.sonatype.mavenbook.weather.Main.main(Main.java:21)
Caused by: java.lang.ClassNotFoundException: org.apache.log.format.Formatter
	at java.net.URLClassLoader$1.run(Unknown Source)
	at java.security.AccessController.doPrivileged(Native Method)
	at java.net.URLClassLoader.findClass(Unknown Source)
	at java.lang.ClassLoader.loadClass(Unknown Source)
	at sun.misc.Launcher$AppClassLoader.loadClass(Unknown Source)
	at java.lang.ClassLoader.loadClass(Unknown Source)
	... 15 more
2011-03-24 13:04:54,032 - Trying to use logger class org.apache.velocity.runtime.log.Log4JLogChute
2011-03-24 13:04:54,032 - Using logger class org.apache.velocity.runtime.log.Log4JLogChute
2011-03-24 13:04:54,034 - Default ResourceManager initializing. (class org.apache.velocity.runtime.resource.ResourceManagerImpl)
2011-03-24 13:04:54,038 - ResourceLoader instantiated: org.apache.velocity.runtime.resource.loader.FileResourceLoader
2011-03-24 13:04:54,039 - Do unicode file recognition:  false
2011-03-24 13:04:54,039 - FileResourceLoader : adding path '.'
2011-03-24 13:04:54,051 - ResourceCache: initialized (class org.apache.velocity.runtime.resource.ResourceCacheImpl)
2011-03-24 13:04:54,053 - Loaded System Directive: org.apache.velocity.runtime.directive.Literal
2011-03-24 13:04:54,054 - Loaded System Directive: org.apache.velocity.runtime.directive.Macro
2011-03-24 13:04:54,055 - Loaded System Directive: org.apache.velocity.runtime.directive.Parse
2011-03-24 13:04:54,057 - Loaded System Directive: org.apache.velocity.runtime.directive.Include
2011-03-24 13:04:54,057 - Loaded System Directive: org.apache.velocity.runtime.directive.Foreach
2011-03-24 13:04:54,101 - Created '20' parsers.
2011-03-24 13:04:54,107 - Velocimacro : "velocimacro.library" is not set.  Trying default library: VM_global_library.vm
2011-03-24 13:04:54,107 - Velocimacro : Default library not found.
2011-03-24 13:04:54,107 - Velocimacro : allowInline = true : VMs can be defined inline in templates
2011-03-24 13:04:54,107 - Velocimacro : allowInlineToOverride = false : VMs defined inline may NOT replace previous VM definitions
2011-03-24 13:04:54,107 - Velocimacro : allowInlineLocal = false : VMs defined inline will be global in scope if allowed.
2011-03-24 13:04:54,107 - Velocimacro : autoload off : VM system will not automatically reload global library macros
