2011-03-24 11:47:38,743 - Log4JLogChute initialized using file 'velocity.log'
2011-03-24 11:47:38,744 - Velocity was not initialized! Calling init()...
2011-03-24 11:47:38,744 - Starting Apache Velocity v1.5 (compiled: 2007-02-22 08:52:29)
2011-03-24 11:47:38,744 - Default Properties File: org\apache\velocity\runtime\defaults\velocity.properties
2011-03-24 11:47:38,744 - Trying to use logger class org.apache.velocity.runtime.log.AvalonLogChute
2011-03-24 11:47:38,746 - Couldn't find class org.apache.velocity.runtime.log.AvalonLogChute or necessary supporting classes in classpath.
java.lang.NoClassDefFoundError: org/apache/log/format/Formatter
	at java.lang.Class.forName0(Native Method)
	at java.lang.Class.forName(Class.java:247)
	at org.apache.velocity.util.ClassUtils.getClass(ClassUtils.java:63)
	at org.apache.velocity.util.ClassUtils.getNewInstance(ClassUtils.java:95)
	at org.apache.velocity.runtime.log.LogManager.createLogChute(LogManager.java:147)
	at org.apache.velocity.runtime.log.LogManager.updateLog(LogManager.java:208)
	at org.apache.velocity.runtime.RuntimeInstance.initializeLog(RuntimeInstance.java:728)
	at org.apache.velocity.runtime.RuntimeInstance.init(RuntimeInstance.java:240)
	at org.apache.velocity.runtime.RuntimeInstance.parse(RuntimeInstance.java:993)
	at org.apache.velocity.runtime.RuntimeInstance.parse(RuntimeInstance.java:972)
	at org.apache.velocity.runtime.RuntimeSingleton.parse(RuntimeSingleton.java:265)
	at org.apache.velocity.app.Velocity.evaluate(Velocity.java:274)
	at org.sonatype.mavenbook.weather.WeatherFormatter.format(WeatherFormatter.java:21)
	at org.sonatype.mavenbook.weather.Main.start(Main.java:38)
	at org.sonatype.mavenbook.weather.Main.main(Main.java:21)
	at sun.reflect.NativeMethodAccessorImpl.invoke0(Native Method)
	at sun.reflect.NativeMethodAccessorImpl.invoke(NativeMethodAccessorImpl.java:39)
	at sun.reflect.DelegatingMethodAccessorImpl.invoke(DelegatingMethodAccessorImpl.java:25)
	at java.lang.reflect.Method.invoke(Method.java:597)
	at org.codehaus.mojo.exec.ExecJavaMojo$1.run(ExecJavaMojo.java:291)
	at java.lang.Thread.run(Thread.java:619)
Caused by: java.lang.ClassNotFoundException: org.apache.log.format.Formatter
	at java.net.URLClassLoader$1.run(URLClassLoader.java:200)
	at java.security.AccessController.doPrivileged(Native Method)
	at java.net.URLClassLoader.findClass(URLClassLoader.java:188)
	at java.lang.ClassLoader.loadClass(ClassLoader.java:307)
	at java.lang.ClassLoader.loadClass(ClassLoader.java:252)
	... 21 more
2011-03-24 11:47:38,747 - Trying to use logger class org.apache.velocity.runtime.log.Log4JLogChute
2011-03-24 11:47:38,747 - Using logger class org.apache.velocity.runtime.log.Log4JLogChute
2011-03-24 11:47:38,750 - Default ResourceManager initializing. (class org.apache.velocity.runtime.resource.ResourceManagerImpl)
2011-03-24 11:47:38,753 - ResourceLoader instantiated: org.apache.velocity.runtime.resource.loader.FileResourceLoader
2011-03-24 11:47:38,754 - Do unicode file recognition:  false
2011-03-24 11:47:38,754 - FileResourceLoader : adding path '.'
2011-03-24 11:47:38,770 - ResourceCache: initialized (class org.apache.velocity.runtime.resource.ResourceCacheImpl)
2011-03-24 11:47:38,771 - Loaded System Directive: org.apache.velocity.runtime.directive.Literal
2011-03-24 11:47:38,772 - Loaded System Directive: org.apache.velocity.runtime.directive.Macro
2011-03-24 11:47:38,773 - Loaded System Directive: org.apache.velocity.runtime.directive.Parse
2011-03-24 11:47:38,776 - Loaded System Directive: org.apache.velocity.runtime.directive.Include
2011-03-24 11:47:38,777 - Loaded System Directive: org.apache.velocity.runtime.directive.Foreach
2011-03-24 11:47:38,809 - Created '20' parsers.
2011-03-24 11:47:38,816 - Velocimacro : "velocimacro.library" is not set.  Trying default library: VM_global_library.vm
2011-03-24 11:47:38,816 - Velocimacro : Default library not found.
2011-03-24 11:47:38,816 - Velocimacro : allowInline = true : VMs can be defined inline in templates
2011-03-24 11:47:38,816 - Velocimacro : allowInlineToOverride = false : VMs defined inline may NOT replace previous VM definitions
2011-03-24 11:47:38,816 - Velocimacro : allowInlineLocal = false : VMs defined inline will be global in scope if allowed.
2011-03-24 11:47:38,816 - Velocimacro : autoload off : VM system will not automatically reload global library macros
2011-03-24 11:48:11,404 - Log4JLogChute initialized using file 'velocity.log'
2011-03-24 11:48:11,404 - Velocity was not initialized! Calling init()...
2011-03-24 11:48:11,404 - Starting Apache Velocity v1.5 (compiled: 2007-02-22 08:52:29)
2011-03-24 11:48:11,405 - Default Properties File: org\apache\velocity\runtime\defaults\velocity.properties
2011-03-24 11:48:11,405 - Trying to use logger class org.apache.velocity.runtime.log.AvalonLogChute
2011-03-24 11:48:11,406 - Couldn't find class org.apache.velocity.runtime.log.AvalonLogChute or necessary supporting classes in classpath.
java.lang.NoClassDefFoundError: org/apache/log/format/Formatter
	at java.lang.Class.forName0(Native Method)
	at java.lang.Class.forName(Class.java:247)
	at org.apache.velocity.util.ClassUtils.getClass(ClassUtils.java:63)
	at org.apache.velocity.util.ClassUtils.getNewInstance(ClassUtils.java:95)
	at org.apache.velocity.runtime.log.LogManager.createLogChute(LogManager.java:147)
	at org.apache.velocity.runtime.log.LogManager.updateLog(LogManager.java:208)
	at org.apache.velocity.runtime.RuntimeInstance.initializeLog(RuntimeInstance.java:728)
	at org.apache.velocity.runtime.RuntimeInstance.init(RuntimeInstance.java:240)
	at org.apache.velocity.runtime.RuntimeInstance.parse(RuntimeInstance.java:993)
	at org.apache.velocity.runtime.RuntimeInstance.parse(RuntimeInstance.java:972)
	at org.apache.velocity.runtime.RuntimeSingleton.parse(RuntimeSingleton.java:265)
	at org.apache.velocity.app.Velocity.evaluate(Velocity.java:274)
	at org.sonatype.mavenbook.weather.WeatherFormatter.format(WeatherFormatter.java:21)
	at org.sonatype.mavenbook.weather.Main.start(Main.java:38)
	at org.sonatype.mavenbook.weather.Main.main(Main.java:21)
	at sun.reflect.NativeMethodAccessorImpl.invoke0(Native Method)
	at sun.reflect.NativeMethodAccessorImpl.invoke(NativeMethodAccessorImpl.java:39)
	at sun.reflect.DelegatingMethodAccessorImpl.invoke(DelegatingMethodAccessorImpl.java:25)
	at java.lang.reflect.Method.invoke(Method.java:597)
	at org.codehaus.mojo.exec.ExecJavaMojo$1.run(ExecJavaMojo.java:291)
	at java.lang.Thread.run(Thread.java:619)
Caused by: java.lang.ClassNotFoundException: org.apache.log.format.Formatter
	at java.net.URLClassLoader$1.run(URLClassLoader.java:200)
	at java.security.AccessController.doPrivileged(Native Method)
	at java.net.URLClassLoader.findClass(URLClassLoader.java:188)
	at java.lang.ClassLoader.loadClass(ClassLoader.java:307)
	at java.lang.ClassLoader.loadClass(ClassLoader.java:252)
	... 21 more
2011-03-24 11:48:11,407 - Trying to use logger class org.apache.velocity.runtime.log.Log4JLogChute
2011-03-24 11:48:11,407 - Using logger class org.apache.velocity.runtime.log.Log4JLogChute
2011-03-24 11:48:11,410 - Default ResourceManager initializing. (class org.apache.velocity.runtime.resource.ResourceManagerImpl)
2011-03-24 11:48:11,414 - ResourceLoader instantiated: org.apache.velocity.runtime.resource.loader.FileResourceLoader
2011-03-24 11:48:11,415 - Do unicode file recognition:  false
2011-03-24 11:48:11,415 - FileResourceLoader : adding path '.'
2011-03-24 11:48:11,431 - ResourceCache: initialized (class org.apache.velocity.runtime.resource.ResourceCacheImpl)
2011-03-24 11:48:11,432 - Loaded System Directive: org.apache.velocity.runtime.directive.Literal
2011-03-24 11:48:11,434 - Loaded System Directive: org.apache.velocity.runtime.directive.Macro
2011-03-24 11:48:11,435 - Loaded System Directive: org.apache.velocity.runtime.directive.Parse
2011-03-24 11:48:11,437 - Loaded System Directive: org.apache.velocity.runtime.directive.Include
2011-03-24 11:48:11,438 - Loaded System Directive: org.apache.velocity.runtime.directive.Foreach
2011-03-24 11:48:11,471 - Created '20' parsers.
2011-03-24 11:48:11,480 - Velocimacro : "velocimacro.library" is not set.  Trying default library: VM_global_library.vm
2011-03-24 11:48:11,481 - Velocimacro : Default library not found.
2011-03-24 11:48:11,481 - Velocimacro : allowInline = true : VMs can be defined inline in templates
2011-03-24 11:48:11,481 - Velocimacro : allowInlineToOverride = false : VMs defined inline may NOT replace previous VM definitions
2011-03-24 11:48:11,481 - Velocimacro : allowInlineLocal = false : VMs defined inline will be global in scope if allowed.
2011-03-24 11:48:11,481 - Velocimacro : autoload off : VM system will not automatically reload global library macros
2011-03-24 12:47:57,408 - Log4JLogChute initialized using file 'velocity.log'
2011-03-24 12:47:57,429 - Velocity was not initialized! Calling init()...
2011-03-24 12:47:57,429 - Starting Apache Velocity v1.5 (compiled: 2007-02-22 08:52:29)
2011-03-24 12:47:57,429 - Default Properties File: org\apache\velocity\runtime\defaults\velocity.properties
2011-03-24 12:47:57,429 - Trying to use logger class org.apache.velocity.runtime.log.AvalonLogChute
2011-03-24 12:47:57,430 - Couldn't find class org.apache.velocity.runtime.log.AvalonLogChute or necessary supporting classes in classpath.
java.lang.NoClassDefFoundError: org/apache/log/format/Formatter
	at java.lang.Class.forName0(Native Method)
	at java.lang.Class.forName(Class.java:247)
	at org.apache.velocity.util.ClassUtils.getClass(ClassUtils.java:63)
	at org.apache.velocity.util.ClassUtils.getNewInstance(ClassUtils.java:95)
	at org.apache.velocity.runtime.log.LogManager.createLogChute(LogManager.java:147)
	at org.apache.velocity.runtime.log.LogManager.updateLog(LogManager.java:208)
	at org.apache.velocity.runtime.RuntimeInstance.initializeLog(RuntimeInstance.java:728)
	at org.apache.velocity.runtime.RuntimeInstance.init(RuntimeInstance.java:240)
	at org.apache.velocity.runtime.RuntimeInstance.parse(RuntimeInstance.java:993)
	at org.apache.velocity.runtime.RuntimeInstance.parse(RuntimeInstance.java:972)
	at org.apache.velocity.runtime.RuntimeSingleton.parse(RuntimeSingleton.java:265)
	at org.apache.velocity.app.Velocity.evaluate(Velocity.java:274)
	at org.sonatype.mavenbook.weather.WeatherFormatter.format(WeatherFormatter.java:21)
	at org.sonatype.mavenbook.weather.WeatherFormatterTest.testFormat(WeatherFormatterTest.java:23)
	at sun.reflect.NativeMethodAccessorImpl.invoke0(Native Method)
	at sun.reflect.NativeMethodAccessorImpl.invoke(NativeMethodAccessorImpl.java:39)
	at sun.reflect.DelegatingMethodAccessorImpl.invoke(DelegatingMethodAccessorImpl.java:25)
	at java.lang.reflect.Method.invoke(Method.java:597)
	at junit.framework.TestCase.runTest(TestCase.java:154)
	at junit.framework.TestCase.runBare(TestCase.java:127)
	at junit.framework.TestResult$1.protect(TestResult.java:106)
	at junit.framework.TestResult.runProtected(TestResult.java:124)
	at junit.framework.TestResult.run(TestResult.java:109)
	at junit.framework.TestCase.run(TestCase.java:118)
	at junit.framework.TestSuite.runTest(TestSuite.java:208)
	at junit.framework.TestSuite.run(TestSuite.java:203)
	at sun.reflect.NativeMethodAccessorImpl.invoke0(Native Method)
	at sun.reflect.NativeMethodAccessorImpl.invoke(NativeMethodAccessorImpl.java:39)
	at sun.reflect.DelegatingMethodAccessorImpl.invoke(DelegatingMethodAccessorImpl.java:25)
	at java.lang.reflect.Method.invoke(Method.java:597)
	at org.apache.maven.surefire.junit.JUnitTestSet.execute(JUnitTestSet.java:98)
	at org.apache.maven.surefire.junit.JUnit3Provider.executeTestSet(JUnit3Provider.java:107)
	at org.apache.maven.surefire.junit.JUnit3Provider.invoke(JUnit3Provider.java:84)
	at sun.reflect.NativeMethodAccessorImpl.invoke0(Native Method)
	at sun.reflect.NativeMethodAccessorImpl.invoke(NativeMethodAccessorImpl.java:39)
	at sun.reflect.DelegatingMethodAccessorImpl.invoke(DelegatingMethodAccessorImpl.java:25)
	at java.lang.reflect.Method.invoke(Method.java:597)
	at org.apache.maven.surefire.booter.ProviderFactory$ClassLoaderProxy.invoke(ProviderFactory.java:103)
	at $Proxy0.invoke(Unknown Source)
	at org.apache.maven.surefire.booter.SurefireStarter.invokeProvider(SurefireStarter.java:150)
	at org.apache.maven.surefire.booter.SurefireStarter.runSuitesInProcess(SurefireStarter.java:91)
	at org.apache.maven.surefire.booter.ForkedBooter.main(ForkedBooter.java:69)
Caused by: java.lang.ClassNotFoundException: org.apache.log.format.Formatter
	at java.net.URLClassLoader$1.run(URLClassLoader.java:200)
	at java.security.AccessController.doPrivileged(Native Method)
	at java.net.URLClassLoader.findClass(URLClassLoader.java:188)
	at java.lang.ClassLoader.loadClass(ClassLoader.java:307)
	at sun.misc.Launcher$AppClassLoader.loadClass(Launcher.java:301)
	at java.lang.ClassLoader.loadClass(ClassLoader.java:252)
	... 42 more
2011-03-24 12:47:57,432 - Trying to use logger class org.apache.velocity.runtime.log.Log4JLogChute
2011-03-24 12:47:57,432 - Using logger class org.apache.velocity.runtime.log.Log4JLogChute
2011-03-24 12:47:57,435 - Default ResourceManager initializing. (class org.apache.velocity.runtime.resource.ResourceManagerImpl)
2011-03-24 12:47:57,439 - ResourceLoader instantiated: org.apache.velocity.runtime.resource.loader.FileResourceLoader
2011-03-24 12:47:57,441 - Do unicode file recognition:  false
2011-03-24 12:47:57,441 - FileResourceLoader : adding path '.'
2011-03-24 12:47:57,456 - ResourceCache: initialized (class org.apache.velocity.runtime.resource.ResourceCacheImpl)
2011-03-24 12:47:57,457 - Loaded System Directive: org.apache.velocity.runtime.directive.Literal
2011-03-24 12:47:57,459 - Loaded System Directive: org.apache.velocity.runtime.directive.Macro
2011-03-24 12:47:57,461 - Loaded System Directive: org.apache.velocity.runtime.directive.Parse
2011-03-24 12:47:57,463 - Loaded System Directive: org.apache.velocity.runtime.directive.Include
2011-03-24 12:47:57,464 - Loaded System Directive: org.apache.velocity.runtime.directive.Foreach
2011-03-24 12:47:57,502 - Created '20' parsers.
2011-03-24 12:47:57,510 - Velocimacro : "velocimacro.library" is not set.  Trying default library: VM_global_library.vm
2011-03-24 12:47:57,511 - Velocimacro : Default library not found.
2011-03-24 12:47:57,511 - Velocimacro : allowInline = true : VMs can be defined inline in templates
2011-03-24 12:47:57,511 - Velocimacro : allowInlineToOverride = false : VMs defined inline may NOT replace previous VM definitions
2011-03-24 12:47:57,511 - Velocimacro : allowInlineLocal = false : VMs defined inline will be global in scope if allowed.
2011-03-24 12:47:57,511 - Velocimacro : autoload off : VM system will not automatically reload global library macros
2011-03-24 12:56:23,650 - Log4JLogChute initialized using file 'velocity.log'
2011-03-24 12:56:23,650 - Velocity was not initialized! Calling init()...
2011-03-24 12:56:23,651 - Starting Apache Velocity v1.5 (compiled: 2007-02-22 08:52:29)
2011-03-24 12:56:23,651 - Default Properties File: org\apache\velocity\runtime\defaults\velocity.properties
2011-03-24 12:56:23,651 - Trying to use logger class org.apache.velocity.runtime.log.AvalonLogChute
2011-03-24 12:56:23,652 - Couldn't find class org.apache.velocity.runtime.log.AvalonLogChute or necessary supporting classes in classpath.
java.lang.NoClassDefFoundError: org/apache/log/format/Formatter
	at java.lang.Class.forName0(Native Method)
	at java.lang.Class.forName(Class.java:247)
	at org.apache.velocity.util.ClassUtils.getClass(ClassUtils.java:63)
	at org.apache.velocity.util.ClassUtils.getNewInstance(ClassUtils.java:95)
	at org.apache.velocity.runtime.log.LogManager.createLogChute(LogManager.java:147)
	at org.apache.velocity.runtime.log.LogManager.updateLog(LogManager.java:208)
	at org.apache.velocity.runtime.RuntimeInstance.initializeLog(RuntimeInstance.java:728)
	at org.apache.velocity.runtime.RuntimeInstance.init(RuntimeInstance.java:240)
	at org.apache.velocity.runtime.RuntimeInstance.parse(RuntimeInstance.java:993)
	at org.apache.velocity.runtime.RuntimeInstance.parse(RuntimeInstance.java:972)
	at org.apache.velocity.runtime.RuntimeSingleton.parse(RuntimeSingleton.java:265)
	at org.apache.velocity.app.Velocity.evaluate(Velocity.java:274)
	at org.sonatype.mavenbook.weather.WeatherFormatter.format(WeatherFormatter.java:21)
	at org.sonatype.mavenbook.weather.WeatherFormatterTest.testFormat(WeatherFormatterTest.java:23)
	at sun.reflect.NativeMethodAccessorImpl.invoke0(Native Method)
	at sun.reflect.NativeMethodAccessorImpl.invoke(NativeMethodAccessorImpl.java:39)
	at sun.reflect.DelegatingMethodAccessorImpl.invoke(DelegatingMethodAccessorImpl.java:25)
	at java.lang.reflect.Method.invoke(Method.java:597)
	at junit.framework.TestCase.runTest(TestCase.java:154)
	at junit.framework.TestCase.runBare(TestCase.java:127)
	at junit.framework.TestResult$1.protect(TestResult.java:106)
	at junit.framework.TestResult.runProtected(TestResult.java:124)
	at junit.framework.TestResult.run(TestResult.java:109)
	at junit.framework.TestCase.run(TestCase.java:118)
	at junit.framework.TestSuite.runTest(TestSuite.java:208)
	at junit.framework.TestSuite.run(TestSuite.java:203)
	at sun.reflect.NativeMethodAccessorImpl.invoke0(Native Method)
	at sun.reflect.NativeMethodAccessorImpl.invoke(NativeMethodAccessorImpl.java:39)
	at sun.reflect.DelegatingMethodAccessorImpl.invoke(DelegatingMethodAccessorImpl.java:25)
	at java.lang.reflect.Method.invoke(Method.java:597)
	at org.apache.maven.surefire.junit.JUnitTestSet.execute(JUnitTestSet.java:98)
	at org.apache.maven.surefire.junit.JUnit3Provider.executeTestSet(JUnit3Provider.java:107)
	at org.apache.maven.surefire.junit.JUnit3Provider.invoke(JUnit3Provider.java:84)
	at sun.reflect.NativeMethodAccessorImpl.invoke0(Native Method)
	at sun.reflect.NativeMethodAccessorImpl.invoke(NativeMethodAccessorImpl.java:39)
	at sun.reflect.DelegatingMethodAccessorImpl.invoke(DelegatingMethodAccessorImpl.java:25)
	at java.lang.reflect.Method.invoke(Method.java:597)
	at org.apache.maven.surefire.booter.ProviderFactory$ClassLoaderProxy.invoke(ProviderFactory.java:103)
	at $Proxy0.invoke(Unknown Source)
	at org.apache.maven.surefire.booter.SurefireStarter.invokeProvider(SurefireStarter.java:150)
	at org.apache.maven.surefire.booter.SurefireStarter.runSuitesInProcess(SurefireStarter.java:91)
	at org.apache.maven.surefire.booter.ForkedBooter.main(ForkedBooter.java:69)
Caused by: java.lang.ClassNotFoundException: org.apache.log.format.Formatter
	at java.net.URLClassLoader$1.run(URLClassLoader.java:200)
	at java.security.AccessController.doPrivileged(Native Method)
	at java.net.URLClassLoader.findClass(URLClassLoader.java:188)
	at java.lang.ClassLoader.loadClass(ClassLoader.java:307)
	at sun.misc.Launcher$AppClassLoader.loadClass(Launcher.java:301)
	at java.lang.ClassLoader.loadClass(ClassLoader.java:252)
	... 42 more
2011-03-24 12:56:23,654 - Trying to use logger class org.apache.velocity.runtime.log.Log4JLogChute
2011-03-24 12:56:23,654 - Using logger class org.apache.velocity.runtime.log.Log4JLogChute
2011-03-24 12:56:23,656 - Default ResourceManager initializing. (class org.apache.velocity.runtime.resource.ResourceManagerImpl)
2011-03-24 12:56:23,660 - ResourceLoader instantiated: org.apache.velocity.runtime.resource.loader.FileResourceLoader
2011-03-24 12:56:23,662 - Do unicode file recognition:  false
2011-03-24 12:56:23,662 - FileResourceLoader : adding path '.'
2011-03-24 12:56:23,681 - ResourceCache: initialized (class org.apache.velocity.runtime.resource.ResourceCacheImpl)
2011-03-24 12:56:23,682 - Loaded System Directive: org.apache.velocity.runtime.directive.Literal
2011-03-24 12:56:23,684 - Loaded System Directive: org.apache.velocity.runtime.directive.Macro
2011-03-24 12:56:23,686 - Loaded System Directive: org.apache.velocity.runtime.directive.Parse
2011-03-24 12:56:23,687 - Loaded System Directive: org.apache.velocity.runtime.directive.Include
2011-03-24 12:56:23,689 - Loaded System Directive: org.apache.velocity.runtime.directive.Foreach
2011-03-24 12:56:23,728 - Created '20' parsers.
2011-03-24 12:56:23,736 - Velocimacro : "velocimacro.library" is not set.  Trying default library: VM_global_library.vm
2011-03-24 12:56:23,737 - Velocimacro : Default library not found.
2011-03-24 12:56:23,737 - Velocimacro : allowInline = true : VMs can be defined inline in templates
2011-03-24 12:56:23,737 - Velocimacro : allowInlineToOverride = false : VMs defined inline may NOT replace previous VM definitions
2011-03-24 12:56:23,737 - Velocimacro : allowInlineLocal = false : VMs defined inline will be global in scope if allowed.
2011-03-24 12:56:23,737 - Velocimacro : autoload off : VM system will not automatically reload global library macros
2011-03-24 13:02:22,571 - Log4JLogChute initialized using file 'velocity.log'
2011-03-24 13:02:22,600 - Velocity was not initialized! Calling init()...
2011-03-24 13:02:22,600 - Starting Apache Velocity v1.5 (compiled: 2007-02-22 08:52:29)
2011-03-24 13:02:22,600 - Default Properties File: org\apache\velocity\runtime\defaults\velocity.properties
2011-03-24 13:02:22,600 - Trying to use logger class org.apache.velocity.runtime.log.AvalonLogChute
2011-03-24 13:02:22,601 - Couldn't find class org.apache.velocity.runtime.log.AvalonLogChute or necessary supporting classes in classpath.
java.lang.NoClassDefFoundError: org/apache/log/format/Formatter
	at java.lang.Class.forName0(Native Method)
	at java.lang.Class.forName(Class.java:247)
	at org.apache.velocity.util.ClassUtils.getClass(ClassUtils.java:63)
	at org.apache.velocity.util.ClassUtils.getNewInstance(ClassUtils.java:95)
	at org.apache.velocity.runtime.log.LogManager.createLogChute(LogManager.java:147)
	at org.apache.velocity.runtime.log.LogManager.updateLog(LogManager.java:208)
	at org.apache.velocity.runtime.RuntimeInstance.initializeLog(RuntimeInstance.java:728)
	at org.apache.velocity.runtime.RuntimeInstance.init(RuntimeInstance.java:240)
	at org.apache.velocity.runtime.RuntimeInstance.parse(RuntimeInstance.java:993)
	at org.apache.velocity.runtime.RuntimeInstance.parse(RuntimeInstance.java:972)
	at org.apache.velocity.runtime.RuntimeSingleton.parse(RuntimeSingleton.java:265)
	at org.apache.velocity.app.Velocity.evaluate(Velocity.java:274)
	at org.sonatype.mavenbook.weather.WeatherFormatter.format(WeatherFormatter.java:21)
	at org.sonatype.mavenbook.weather.WeatherFormatterTest.testFormat(WeatherFormatterTest.java:23)
	at sun.reflect.NativeMethodAccessorImpl.invoke0(Native Method)
	at sun.reflect.NativeMethodAccessorImpl.invoke(NativeMethodAccessorImpl.java:39)
	at sun.reflect.DelegatingMethodAccessorImpl.invoke(DelegatingMethodAccessorImpl.java:25)
	at java.lang.reflect.Method.invoke(Method.java:597)
	at junit.framework.TestCase.runTest(TestCase.java:154)
	at junit.framework.TestCase.runBare(TestCase.java:127)
	at junit.framework.TestResult$1.protect(TestResult.java:106)
	at junit.framework.TestResult.runProtected(TestResult.java:124)
	at junit.framework.TestResult.run(TestResult.java:109)
	at junit.framework.TestCase.run(TestCase.java:118)
	at junit.framework.TestSuite.runTest(TestSuite.java:208)
	at junit.framework.TestSuite.run(TestSuite.java:203)
	at sun.reflect.NativeMethodAccessorImpl.invoke0(Native Method)
	at sun.reflect.NativeMethodAccessorImpl.invoke(NativeMethodAccessorImpl.java:39)
	at sun.reflect.DelegatingMethodAccessorImpl.invoke(DelegatingMethodAccessorImpl.java:25)
	at java.lang.reflect.Method.invoke(Method.java:597)
	at org.apache.maven.surefire.junit.JUnitTestSet.execute(JUnitTestSet.java:98)
	at org.apache.maven.surefire.junit.JUnit3Provider.executeTestSet(JUnit3Provider.java:107)
	at org.apache.maven.surefire.junit.JUnit3Provider.invoke(JUnit3Provider.java:84)
	at sun.reflect.NativeMethodAccessorImpl.invoke0(Native Method)
	at sun.reflect.NativeMethodAccessorImpl.invoke(NativeMethodAccessorImpl.java:39)
	at sun.reflect.DelegatingMethodAccessorImpl.invoke(DelegatingMethodAccessorImpl.java:25)
	at java.lang.reflect.Method.invoke(Method.java:597)
	at org.apache.maven.surefire.booter.ProviderFactory$ClassLoaderProxy.invoke(ProviderFactory.java:103)
	at $Proxy0.invoke(Unknown Source)
	at org.apache.maven.surefire.booter.SurefireStarter.invokeProvider(SurefireStarter.java:150)
	at org.apache.maven.surefire.booter.SurefireStarter.runSuitesInProcess(SurefireStarter.java:91)
	at org.apache.maven.surefire.booter.ForkedBooter.main(ForkedBooter.java:69)
Caused by: java.lang.ClassNotFoundException: org.apache.log.format.Formatter
	at java.net.URLClassLoader$1.run(URLClassLoader.java:200)
	at java.security.AccessController.doPrivileged(Native Method)
	at java.net.URLClassLoader.findClass(URLClassLoader.java:188)
	at java.lang.ClassLoader.loadClass(ClassLoader.java:307)
	at sun.misc.Launcher$AppClassLoader.loadClass(Launcher.java:301)
	at java.lang.ClassLoader.loadClass(ClassLoader.java:252)
	... 42 more
2011-03-24 13:02:22,603 - Trying to use logger class org.apache.velocity.runtime.log.Log4JLogChute
2011-03-24 13:02:22,603 - Using logger class org.apache.velocity.runtime.log.Log4JLogChute
2011-03-24 13:02:22,606 - Default ResourceManager initializing. (class org.apache.velocity.runtime.resource.ResourceManagerImpl)
2011-03-24 13:02:22,610 - ResourceLoader instantiated: org.apache.velocity.runtime.resource.loader.FileResourceLoader
2011-03-24 13:02:22,611 - Do unicode file recognition:  false
2011-03-24 13:02:22,611 - FileResourceLoader : adding path '.'
2011-03-24 13:02:22,627 - ResourceCache: initialized (class org.apache.velocity.runtime.resource.ResourceCacheImpl)
2011-03-24 13:02:22,628 - Loaded System Directive: org.apache.velocity.runtime.directive.Literal
2011-03-24 13:02:22,630 - Loaded System Directive: org.apache.velocity.runtime.directive.Macro
2011-03-24 13:02:22,632 - Loaded System Directive: org.apache.velocity.runtime.directive.Parse
2011-03-24 13:02:22,633 - Loaded System Directive: org.apache.velocity.runtime.directive.Include
2011-03-24 13:02:22,634 - Loaded System Directive: org.apache.velocity.runtime.directive.Foreach
2011-03-24 13:02:22,674 - Created '20' parsers.
2011-03-24 13:02:22,683 - Velocimacro : "velocimacro.library" is not set.  Trying default library: VM_global_library.vm
2011-03-24 13:02:22,683 - Velocimacro : Default library not found.
2011-03-24 13:02:22,683 - Velocimacro : allowInline = true : VMs can be defined inline in templates
2011-03-24 13:02:22,684 - Velocimacro : allowInlineToOverride = false : VMs defined inline may NOT replace previous VM definitions
2011-03-24 13:02:22,684 - Velocimacro : allowInlineLocal = false : VMs defined inline will be global in scope if allowed.
2011-03-24 13:02:22,684 - Velocimacro : autoload off : VM system will not automatically reload global library macros
2011-03-24 16:32:05,207 - Log4JLogChute initialized using file 'velocity.log'
2011-03-24 16:32:05,208 - Velocity was not initialized! Calling init()...
2011-03-24 16:32:05,208 - Starting Apache Velocity v1.5 (compiled: 2007-02-22 08:52:29)
2011-03-24 16:32:05,208 - Default Properties File: org\apache\velocity\runtime\defaults\velocity.properties
2011-03-24 16:32:05,208 - Trying to use logger class org.apache.velocity.runtime.log.AvalonLogChute
2011-03-24 16:32:05,210 - Couldn't find class org.apache.velocity.runtime.log.AvalonLogChute or necessary supporting classes in classpath.
java.lang.NoClassDefFoundError: org/apache/log/format/Formatter
	at java.lang.Class.forName0(Native Method)
	at java.lang.Class.forName(Class.java:247)
	at org.apache.velocity.util.ClassUtils.getClass(ClassUtils.java:63)
	at org.apache.velocity.util.ClassUtils.getNewInstance(ClassUtils.java:95)
	at org.apache.velocity.runtime.log.LogManager.createLogChute(LogManager.java:147)
	at org.apache.velocity.runtime.log.LogManager.updateLog(LogManager.java:208)
	at org.apache.velocity.runtime.RuntimeInstance.initializeLog(RuntimeInstance.java:728)
	at org.apache.velocity.runtime.RuntimeInstance.init(RuntimeInstance.java:240)
	at org.apache.velocity.runtime.RuntimeInstance.parse(RuntimeInstance.java:993)
	at org.apache.velocity.runtime.RuntimeInstance.parse(RuntimeInstance.java:972)
	at org.apache.velocity.runtime.RuntimeSingleton.parse(RuntimeSingleton.java:265)
	at org.apache.velocity.app.Velocity.evaluate(Velocity.java:274)
	at org.sonatype.mavenbook.weather.WeatherFormatter.format(WeatherFormatter.java:21)
	at org.sonatype.mavenbook.weather.WeatherFormatterTest.testFormat(WeatherFormatterTest.java:23)
	at sun.reflect.NativeMethodAccessorImpl.invoke0(Native Method)
	at sun.reflect.NativeMethodAccessorImpl.invoke(NativeMethodAccessorImpl.java:39)
	at sun.reflect.DelegatingMethodAccessorImpl.invoke(DelegatingMethodAccessorImpl.java:25)
	at java.lang.reflect.Method.invoke(Method.java:597)
	at junit.framework.TestCase.runTest(TestCase.java:154)
	at junit.framework.TestCase.runBare(TestCase.java:127)
	at junit.framework.TestResult$1.protect(TestResult.java:106)
	at junit.framework.TestResult.runProtected(TestResult.java:124)
	at junit.framework.TestResult.run(TestResult.java:109)
	at junit.framework.TestCase.run(TestCase.java:118)
	at junit.framework.TestSuite.runTest(TestSuite.java:208)
	at junit.framework.TestSuite.run(TestSuite.java:203)
	at sun.reflect.NativeMethodAccessorImpl.invoke0(Native Method)
	at sun.reflect.NativeMethodAccessorImpl.invoke(NativeMethodAccessorImpl.java:39)
	at sun.reflect.DelegatingMethodAccessorImpl.invoke(DelegatingMethodAccessorImpl.java:25)
	at java.lang.reflect.Method.invoke(Method.java:597)
	at org.apache.maven.surefire.junit.JUnitTestSet.execute(JUnitTestSet.java:98)
	at org.apache.maven.surefire.junit.JUnit3Provider.executeTestSet(JUnit3Provider.java:107)
	at org.apache.maven.surefire.junit.JUnit3Provider.invoke(JUnit3Provider.java:84)
	at sun.reflect.NativeMethodAccessorImpl.invoke0(Native Method)
	at sun.reflect.NativeMethodAccessorImpl.invoke(NativeMethodAccessorImpl.java:39)
	at sun.reflect.DelegatingMethodAccessorImpl.invoke(DelegatingMethodAccessorImpl.java:25)
	at java.lang.reflect.Method.invoke(Method.java:597)
	at org.apache.maven.surefire.booter.ProviderFactory$ClassLoaderProxy.invoke(ProviderFactory.java:103)
	at $Proxy0.invoke(Unknown Source)
	at org.apache.maven.surefire.booter.SurefireStarter.invokeProvider(SurefireStarter.java:150)
	at org.apache.maven.surefire.booter.SurefireStarter.runSuitesInProcess(SurefireStarter.java:91)
	at org.apache.maven.surefire.booter.ForkedBooter.main(ForkedBooter.java:69)
Caused by: java.lang.ClassNotFoundException: org.apache.log.format.Formatter
	at java.net.URLClassLoader$1.run(URLClassLoader.java:200)
	at java.security.AccessController.doPrivileged(Native Method)
	at java.net.URLClassLoader.findClass(URLClassLoader.java:188)
	at java.lang.ClassLoader.loadClass(ClassLoader.java:307)
	at sun.misc.Launcher$AppClassLoader.loadClass(Launcher.java:301)
	at java.lang.ClassLoader.loadClass(ClassLoader.java:252)
	... 42 more
2011-03-24 16:32:05,211 - Trying to use logger class org.apache.velocity.runtime.log.Log4JLogChute
2011-03-24 16:32:05,211 - Using logger class org.apache.velocity.runtime.log.Log4JLogChute
2011-03-24 16:32:05,214 - Default ResourceManager initializing. (class org.apache.velocity.runtime.resource.ResourceManagerImpl)
2011-03-24 16:32:05,232 - ResourceLoader instantiated: org.apache.velocity.runtime.resource.loader.FileResourceLoader
2011-03-24 16:32:05,233 - Do unicode file recognition:  false
2011-03-24 16:32:05,234 - FileResourceLoader : adding path '.'
2011-03-24 16:32:05,294 - ResourceCache: initialized (class org.apache.velocity.runtime.resource.ResourceCacheImpl)
2011-03-24 16:32:05,298 - Loaded System Directive: org.apache.velocity.runtime.directive.Literal
2011-03-24 16:32:05,300 - Loaded System Directive: org.apache.velocity.runtime.directive.Macro
2011-03-24 16:32:05,302 - Loaded System Directive: org.apache.velocity.runtime.directive.Parse
2011-03-24 16:32:05,304 - Loaded System Directive: org.apache.velocity.runtime.directive.Include
2011-03-24 16:32:05,305 - Loaded System Directive: org.apache.velocity.runtime.directive.Foreach
2011-03-24 16:32:05,377 - Created '20' parsers.
2011-03-24 16:32:05,386 - Velocimacro : "velocimacro.library" is not set.  Trying default library: VM_global_library.vm
2011-03-24 16:32:05,386 - Velocimacro : Default library not found.
2011-03-24 16:32:05,386 - Velocimacro : allowInline = true : VMs can be defined inline in templates
2011-03-24 16:32:05,386 - Velocimacro : allowInlineToOverride = false : VMs defined inline may NOT replace previous VM definitions
2011-03-24 16:32:05,386 - Velocimacro : allowInlineLocal = false : VMs defined inline will be global in scope if allowed.
2011-03-24 16:32:05,386 - Velocimacro : autoload off : VM system will not automatically reload global library macros
2011-03-24 16:35:39,232 - Log4JLogChute initialized using file 'velocity.log'
2011-03-24 16:35:39,233 - Velocity was not initialized! Calling init()...
2011-03-24 16:35:39,233 - Starting Apache Velocity v1.5 (compiled: 2007-02-22 08:52:29)
2011-03-24 16:35:39,233 - Default Properties File: org\apache\velocity\runtime\defaults\velocity.properties
2011-03-24 16:35:39,233 - Trying to use logger class org.apache.velocity.runtime.log.AvalonLogChute
2011-03-24 16:35:39,234 - Couldn't find class org.apache.velocity.runtime.log.AvalonLogChute or necessary supporting classes in classpath.
java.lang.NoClassDefFoundError: org/apache/log/format/Formatter
	at java.lang.Class.forName0(Native Method)
	at java.lang.Class.forName(Class.java:247)
	at org.apache.velocity.util.ClassUtils.getClass(ClassUtils.java:63)
	at org.apache.velocity.util.ClassUtils.getNewInstance(ClassUtils.java:95)
	at org.apache.velocity.runtime.log.LogManager.createLogChute(LogManager.java:147)
	at org.apache.velocity.runtime.log.LogManager.updateLog(LogManager.java:208)
	at org.apache.velocity.runtime.RuntimeInstance.initializeLog(RuntimeInstance.java:728)
	at org.apache.velocity.runtime.RuntimeInstance.init(RuntimeInstance.java:240)
	at org.apache.velocity.runtime.RuntimeInstance.parse(RuntimeInstance.java:993)
	at org.apache.velocity.runtime.RuntimeInstance.parse(RuntimeInstance.java:972)
	at org.apache.velocity.runtime.RuntimeSingleton.parse(RuntimeSingleton.java:265)
	at org.apache.velocity.app.Velocity.evaluate(Velocity.java:274)
	at org.sonatype.mavenbook.weather.WeatherFormatter.format(WeatherFormatter.java:21)
	at org.sonatype.mavenbook.weather.WeatherFormatterTest.testFormat(WeatherFormatterTest.java:23)
	at sun.reflect.NativeMethodAccessorImpl.invoke0(Native Method)
	at sun.reflect.NativeMethodAccessorImpl.invoke(NativeMethodAccessorImpl.java:39)
	at sun.reflect.DelegatingMethodAccessorImpl.invoke(DelegatingMethodAccessorImpl.java:25)
	at java.lang.reflect.Method.invoke(Method.java:597)
	at junit.framework.TestCase.runTest(TestCase.java:154)
	at junit.framework.TestCase.runBare(TestCase.java:127)
	at junit.framework.TestResult$1.protect(TestResult.java:106)
	at junit.framework.TestResult.runProtected(TestResult.java:124)
	at junit.framework.TestResult.run(TestResult.java:109)
	at junit.framework.TestCase.run(TestCase.java:118)
	at junit.framework.TestSuite.runTest(TestSuite.java:208)
	at junit.framework.TestSuite.run(TestSuite.java:203)
	at sun.reflect.NativeMethodAccessorImpl.invoke0(Native Method)
	at sun.reflect.NativeMethodAccessorImpl.invoke(NativeMethodAccessorImpl.java:39)
	at sun.reflect.DelegatingMethodAccessorImpl.invoke(DelegatingMethodAccessorImpl.java:25)
	at java.lang.reflect.Method.invoke(Method.java:597)
	at org.apache.maven.surefire.junit.JUnitTestSet.execute(JUnitTestSet.java:98)
	at org.apache.maven.surefire.junit.JUnit3Provider.executeTestSet(JUnit3Provider.java:107)
	at org.apache.maven.surefire.junit.JUnit3Provider.invoke(JUnit3Provider.java:84)
	at sun.reflect.NativeMethodAccessorImpl.invoke0(Native Method)
	at sun.reflect.NativeMethodAccessorImpl.invoke(NativeMethodAccessorImpl.java:39)
	at sun.reflect.DelegatingMethodAccessorImpl.invoke(DelegatingMethodAccessorImpl.java:25)
	at java.lang.reflect.Method.invoke(Method.java:597)
	at org.apache.maven.surefire.booter.ProviderFactory$ClassLoaderProxy.invoke(ProviderFactory.java:103)
	at $Proxy0.invoke(Unknown Source)
	at org.apache.maven.surefire.booter.SurefireStarter.invokeProvider(SurefireStarter.java:150)
	at org.apache.maven.surefire.booter.SurefireStarter.runSuitesInProcess(SurefireStarter.java:91)
	at org.apache.maven.surefire.booter.ForkedBooter.main(ForkedBooter.java:69)
Caused by: java.lang.ClassNotFoundException: org.apache.log.format.Formatter
	at java.net.URLClassLoader$1.run(URLClassLoader.java:200)
	at java.security.AccessController.doPrivileged(Native Method)
	at java.net.URLClassLoader.findClass(URLClassLoader.java:188)
	at java.lang.ClassLoader.loadClass(ClassLoader.java:307)
	at sun.misc.Launcher$AppClassLoader.loadClass(Launcher.java:301)
	at java.lang.ClassLoader.loadClass(ClassLoader.java:252)
	... 42 more
2011-03-24 16:35:39,236 - Trying to use logger class org.apache.velocity.runtime.log.Log4JLogChute
2011-03-24 16:35:39,236 - Using logger class org.apache.velocity.runtime.log.Log4JLogChute
2011-03-24 16:35:39,238 - Default ResourceManager initializing. (class org.apache.velocity.runtime.resource.ResourceManagerImpl)
2011-03-24 16:35:39,242 - ResourceLoader instantiated: org.apache.velocity.runtime.resource.loader.FileResourceLoader
2011-03-24 16:35:39,244 - Do unicode file recognition:  false
2011-03-24 16:35:39,244 - FileResourceLoader : adding path '.'
2011-03-24 16:35:39,259 - ResourceCache: initialized (class org.apache.velocity.runtime.resource.ResourceCacheImpl)
2011-03-24 16:35:39,260 - Loaded System Directive: org.apache.velocity.runtime.directive.Literal
2011-03-24 16:35:39,262 - Loaded System Directive: org.apache.velocity.runtime.directive.Macro
2011-03-24 16:35:39,264 - Loaded System Directive: org.apache.velocity.runtime.directive.Parse
2011-03-24 16:35:39,265 - Loaded System Directive: org.apache.velocity.runtime.directive.Include
2011-03-24 16:35:39,266 - Loaded System Directive: org.apache.velocity.runtime.directive.Foreach
2011-03-24 16:35:39,306 - Created '20' parsers.
2011-03-24 16:35:39,315 - Velocimacro : "velocimacro.library" is not set.  Trying default library: VM_global_library.vm
2011-03-24 16:35:39,315 - Velocimacro : Default library not found.
2011-03-24 16:35:39,315 - Velocimacro : allowInline = true : VMs can be defined inline in templates
2011-03-24 16:35:39,315 - Velocimacro : allowInlineToOverride = false : VMs defined inline may NOT replace previous VM definitions
2011-03-24 16:35:39,315 - Velocimacro : allowInlineLocal = false : VMs defined inline will be global in scope if allowed.
2011-03-24 16:35:39,315 - Velocimacro : autoload off : VM system will not automatically reload global library macros
2011-03-24 16:39:51,370 - Log4JLogChute initialized using file 'velocity.log'
2011-03-24 16:39:51,370 - Velocity was not initialized! Calling init()...
2011-03-24 16:39:51,371 - Starting Apache Velocity v1.5 (compiled: 2007-02-22 08:52:29)
2011-03-24 16:39:51,371 - Default Properties File: org\apache\velocity\runtime\defaults\velocity.properties
2011-03-24 16:39:51,371 - Trying to use logger class org.apache.velocity.runtime.log.AvalonLogChute
2011-03-24 16:39:51,372 - Couldn't find class org.apache.velocity.runtime.log.AvalonLogChute or necessary supporting classes in classpath.
java.lang.NoClassDefFoundError: org/apache/log/format/Formatter
	at java.lang.Class.forName0(Native Method)
	at java.lang.Class.forName(Class.java:247)
	at org.apache.velocity.util.ClassUtils.getClass(ClassUtils.java:63)
	at org.apache.velocity.util.ClassUtils.getNewInstance(ClassUtils.java:95)
	at org.apache.velocity.runtime.log.LogManager.createLogChute(LogManager.java:147)
	at org.apache.velocity.runtime.log.LogManager.updateLog(LogManager.java:208)
	at org.apache.velocity.runtime.RuntimeInstance.initializeLog(RuntimeInstance.java:728)
	at org.apache.velocity.runtime.RuntimeInstance.init(RuntimeInstance.java:240)
	at org.apache.velocity.runtime.RuntimeInstance.parse(RuntimeInstance.java:993)
	at org.apache.velocity.runtime.RuntimeInstance.parse(RuntimeInstance.java:972)
	at org.apache.velocity.runtime.RuntimeSingleton.parse(RuntimeSingleton.java:265)
	at org.apache.velocity.app.Velocity.evaluate(Velocity.java:274)
	at org.sonatype.mavenbook.weather.WeatherFormatter.format(WeatherFormatter.java:21)
	at org.sonatype.mavenbook.weather.WeatherFormatterTest.testFormat(WeatherFormatterTest.java:23)
	at sun.reflect.NativeMethodAccessorImpl.invoke0(Native Method)
	at sun.reflect.NativeMethodAccessorImpl.invoke(NativeMethodAccessorImpl.java:39)
	at sun.reflect.DelegatingMethodAccessorImpl.invoke(DelegatingMethodAccessorImpl.java:25)
	at java.lang.reflect.Method.invoke(Method.java:597)
	at junit.framework.TestCase.runTest(TestCase.java:154)
	at junit.framework.TestCase.runBare(TestCase.java:127)
	at junit.framework.TestResult$1.protect(TestResult.java:106)
	at junit.framework.TestResult.runProtected(TestResult.java:124)
	at junit.framework.TestResult.run(TestResult.java:109)
	at junit.framework.TestCase.run(TestCase.java:118)
	at junit.framework.TestSuite.runTest(TestSuite.java:208)
	at junit.framework.TestSuite.run(TestSuite.java:203)
	at sun.reflect.NativeMethodAccessorImpl.invoke0(Native Method)
	at sun.reflect.NativeMethodAccessorImpl.invoke(NativeMethodAccessorImpl.java:39)
	at sun.reflect.DelegatingMethodAccessorImpl.invoke(DelegatingMethodAccessorImpl.java:25)
	at java.lang.reflect.Method.invoke(Method.java:597)
	at org.apache.maven.surefire.junit.JUnitTestSet.execute(JUnitTestSet.java:98)
	at org.apache.maven.surefire.junit.JUnit3Provider.executeTestSet(JUnit3Provider.java:107)
	at org.apache.maven.surefire.junit.JUnit3Provider.invoke(JUnit3Provider.java:84)
	at sun.reflect.NativeMethodAccessorImpl.invoke0(Native Method)
	at sun.reflect.NativeMethodAccessorImpl.invoke(NativeMethodAccessorImpl.java:39)
	at sun.reflect.DelegatingMethodAccessorImpl.invoke(DelegatingMethodAccessorImpl.java:25)
	at java.lang.reflect.Method.invoke(Method.java:597)
	at org.apache.maven.surefire.booter.ProviderFactory$ClassLoaderProxy.invoke(ProviderFactory.java:103)
	at $Proxy0.invoke(Unknown Source)
	at org.apache.maven.surefire.booter.SurefireStarter.invokeProvider(SurefireStarter.java:150)
	at org.apache.maven.surefire.booter.SurefireStarter.runSuitesInProcess(SurefireStarter.java:91)
	at org.apache.maven.surefire.booter.ForkedBooter.main(ForkedBooter.java:69)
Caused by: java.lang.ClassNotFoundException: org.apache.log.format.Formatter
	at java.net.URLClassLoader$1.run(URLClassLoader.java:200)
	at java.security.AccessController.doPrivileged(Native Method)
	at java.net.URLClassLoader.findClass(URLClassLoader.java:188)
	at java.lang.ClassLoader.loadClass(ClassLoader.java:307)
	at sun.misc.Launcher$AppClassLoader.loadClass(Launcher.java:301)
	at java.lang.ClassLoader.loadClass(ClassLoader.java:252)
	... 42 more
2011-03-24 16:39:51,374 - Trying to use logger class org.apache.velocity.runtime.log.Log4JLogChute
2011-03-24 16:39:51,374 - Using logger class org.apache.velocity.runtime.log.Log4JLogChute
2011-03-24 16:39:51,377 - Default ResourceManager initializing. (class org.apache.velocity.runtime.resource.ResourceManagerImpl)
2011-03-24 16:39:51,380 - ResourceLoader instantiated: org.apache.velocity.runtime.resource.loader.FileResourceLoader
2011-03-24 16:39:51,382 - Do unicode file recognition:  false
2011-03-24 16:39:51,382 - FileResourceLoader : adding path '.'
2011-03-24 16:39:51,397 - ResourceCache: initialized (class org.apache.velocity.runtime.resource.ResourceCacheImpl)
2011-03-24 16:39:51,399 - Loaded System Directive: org.apache.velocity.runtime.directive.Literal
2011-03-24 16:39:51,400 - Loaded System Directive: org.apache.velocity.runtime.directive.Macro
2011-03-24 16:39:51,402 - Loaded System Directive: org.apache.velocity.runtime.directive.Parse
2011-03-24 16:39:51,404 - Loaded System Directive: org.apache.velocity.runtime.directive.Include
2011-03-24 16:39:51,405 - Loaded System Directive: org.apache.velocity.runtime.directive.Foreach
2011-03-24 16:39:51,443 - Created '20' parsers.
2011-03-24 16:39:51,451 - Velocimacro : "velocimacro.library" is not set.  Trying default library: VM_global_library.vm
2011-03-24 16:39:51,452 - Velocimacro : Default library not found.
2011-03-24 16:39:51,452 - Velocimacro : allowInline = true : VMs can be defined inline in templates
2011-03-24 16:39:51,452 - Velocimacro : allowInlineToOverride = false : VMs defined inline may NOT replace previous VM definitions
2011-03-24 16:39:51,452 - Velocimacro : allowInlineLocal = false : VMs defined inline will be global in scope if allowed.
2011-03-24 16:39:51,452 - Velocimacro : autoload off : VM system will not automatically reload global library macros
